<?xml version="1.0" encoding="UTF-8"?>
<testsuite name="rspec" tests="14" skipped="0" failures="0" errors="0" time="151.211796" timestamp="2022-11-03T17:28:45+00:00" hostname="jenkins-agent-portal4-int.qa-pod-us-east-1.immunet.com">
<properties>
<property name="seed" value="7195"/>
</properties>
<testcase classname="tools.production_smoke_test.support_portal_smoke_test_spec" name="Production Support Portal Smoke Tests on production support page Verify that Proof of Value order type can be created" file="./tools/production_smoke_test/support_portal_smoke_test_spec.rb" time="5.020681"></testcase>
<testcase classname="tools.production_smoke_test.support_portal_smoke_test_spec" name="Production Support Portal Smoke Tests on production support page Verify that MSSP Partner order type can be created" file="./tools/production_smoke_test/support_portal_smoke_test_spec.rb" time="4.695866"></testcase>
<testcase classname="tools.production_smoke_test.support_portal_smoke_test_spec" name="Production Support Portal Smoke Tests on production support page Verify that Primary Organization order type can be created" file="./tools/production_smoke_test/support_portal_smoke_test_spec.rb" time="4.068612"></testcase>
<testcase classname="tools.production_smoke_test.support_portal_smoke_test_spec" name="Production Support Portal Smoke Tests on production support page Verify that Employee order type can be created" file="./tools/production_smoke_test/support_portal_smoke_test_spec.rb" time="4.586003"></testcase>
<testcase classname="tools.production_smoke_test.support_portal_smoke_test_spec" name="Production Support Portal Smoke Tests on production support page Verify that Partner order type can be created" file="./tools/production_smoke_test/support_portal_smoke_test_spec.rb" time="4.465967"></testcase>
<testcase classname="tools.production_smoke_test.support_portal_smoke_test_spec" name="Production Support Portal Smoke Tests On the Users Tab verify users details" file="./tools/production_smoke_test/support_portal_smoke_test_spec.rb" time="5.688592"></testcase>
<testcase classname="tools.production_smoke_test.support_portal_smoke_test_spec" name="Production Support Portal Smoke Tests on production support page Verify that Employee created order type can be deleted" file="./tools/production_smoke_test/support_portal_smoke_test_spec.rb" time="10.522954"></testcase>
<testcase classname="tools.production_smoke_test.support_portal_smoke_test_spec" name="Production Support Portal Smoke Tests on production support page Verify that Partner created order type can be deleted" file="./tools/production_smoke_test/support_portal_smoke_test_spec.rb" time="10.256674"></testcase>
<testcase classname="tools.production_smoke_test.support_portal_smoke_test_spec" name="Production Support Portal Smoke Tests on production support page Verify that newly created Proof of Value can be updated - User changes" file="./tools/production_smoke_test/support_portal_smoke_test_spec.rb" time="13.266475"></testcase>
<testcase classname="tools.production_smoke_test.support_portal_smoke_test_spec" name="Production Support Portal Smoke Tests on production support page Verify that newly created MSSP Partner can be updated - User changes" file="./tools/production_smoke_test/support_portal_smoke_test_spec.rb" time="12.047516"></testcase>
<testcase classname="tools.production_smoke_test.support_portal_smoke_test_spec" name="Production Support Portal Smoke Tests on production support page Verify that newly created Primary Organization can be updated - User changes" file="./tools/production_smoke_test/support_portal_smoke_test_spec.rb" time="11.786562"></testcase>
<testcase classname="tools.production_smoke_test.support_portal_smoke_test_spec" name="Production Support Portal Smoke Tests on production support page Verify that newly created Employee can be updated - User changes" file="./tools/production_smoke_test/support_portal_smoke_test_spec.rb" time="11.944477"></testcase>
<testcase classname="tools.production_smoke_test.support_portal_smoke_test_spec" name="Production Support Portal Smoke Tests on production support page Verify that newly created Partner can be updated - User changes" file="./tools/production_smoke_test/support_portal_smoke_test_spec.rb" time="11.832755"></testcase>
<testcase classname="tools.production_smoke_test.support_portal_smoke_test_spec" name="Production Support Portal Smoke Tests on production support page Navigate through all the tabs" file="./tools/production_smoke_test/support_portal_smoke_test_spec.rb" time="16.628841"></testcase>
</testsuite>