<?xml version="1.0" encoding="UTF-8"?>
<testsuite name="rspec" tests="22" skipped="0" failures="22" errors="0" time="80.883674" timestamp="2022-11-30T19:45:00+00:00" hostname="jenkins-agent-portal1-int.qa-pod-us-east-1.immunet.com">
<properties>
<property name="seed" value="15671"/>
</properties>
<testcase classname="tools.production_smoke_test.portal_smoke_test_spec" name="Production Smoke Tests creates a windows policy with default setting and group" file="./tools/production_smoke_test/portal_smoke_test_spec.rb" time="0.000019"><failure message="timed out after 60 seconds" type="Selenium::WebDriver::Error::TimeoutError">Failure/Error:
  result = wait.until do
    mid_result = yield 
    puts &quot;\n\n mid result #{mid_result}&quot; if opts[:debug]
    if whiny
      puts &quot;been waiting #{count}&quot;
    end  
    count +=1
    if count &gt; max 
      
      puts &quot;BEEN WAITING #{count} WHICH IS LONGER THAN MAX OF #{max}&quot;

Selenium::WebDriver::Error::TimeoutError:
  timed out after 60 seconds
./lib/common/waitable.rb:30:in `wait&apos;
./pages/common/spinners.rb:86:in `wait_all_spinners_to_disappear&apos;
./lib/amp_node.rb:516:in `on_page!&apos;
./helpers/login_helper.rb:16:in `login_to_portal_by_using_securex&apos;
./tools/production_smoke_test/portal_smoke_test_spec.rb:78:in `block (2 levels) in &lt;top (required)&gt;&apos;</failure></testcase>
<testcase classname="tools.production_smoke_test.portal_smoke_test_spec" name="Production Smoke Tests downloads connector, register and send events" file="./tools/production_smoke_test/portal_smoke_test_spec.rb" time="0.000004"><failure message="timed out after 60 seconds" type="Selenium::WebDriver::Error::TimeoutError">Failure/Error:
  result = wait.until do
    mid_result = yield 
    puts &quot;\n\n mid result #{mid_result}&quot; if opts[:debug]
    if whiny
      puts &quot;been waiting #{count}&quot;
    end  
    count +=1
    if count &gt; max 
      
      puts &quot;BEEN WAITING #{count} WHICH IS LONGER THAN MAX OF #{max}&quot;

Selenium::WebDriver::Error::TimeoutError:
  timed out after 60 seconds
./lib/common/waitable.rb:30:in `wait&apos;
./pages/common/spinners.rb:86:in `wait_all_spinners_to_disappear&apos;
./lib/amp_node.rb:516:in `on_page!&apos;
./helpers/login_helper.rb:16:in `login_to_portal_by_using_securex&apos;
./tools/production_smoke_test/portal_smoke_test_spec.rb:78:in `block (2 levels) in &lt;top (required)&gt;&apos;</failure></testcase>
<testcase classname="tools.production_smoke_test.portal_smoke_test_spec" name="Production Smoke Tests dashboard and Events page verifies number of events in event page by using group name" file="./tools/production_smoke_test/portal_smoke_test_spec.rb" time="0.000004"><failure message="timed out after 60 seconds" type="Selenium::WebDriver::Error::TimeoutError">Failure/Error:
  result = wait.until do
    mid_result = yield 
    puts &quot;\n\n mid result #{mid_result}&quot; if opts[:debug]
    if whiny
      puts &quot;been waiting #{count}&quot;
    end  
    count +=1
    if count &gt; max 
      
      puts &quot;BEEN WAITING #{count} WHICH IS LONGER THAN MAX OF #{max}&quot;

Selenium::WebDriver::Error::TimeoutError:
  timed out after 60 seconds
./lib/common/waitable.rb:30:in `wait&apos;
./pages/common/spinners.rb:86:in `wait_all_spinners_to_disappear&apos;
./lib/amp_node.rb:516:in `on_page!&apos;
./helpers/login_helper.rb:16:in `login_to_portal_by_using_securex&apos;
./tools/production_smoke_test/portal_smoke_test_spec.rb:78:in `block (2 levels) in &lt;top (required)&gt;&apos;</failure></testcase>
<testcase classname="tools.production_smoke_test.portal_smoke_test_spec" name="Production Smoke Tests dashboard and Events page Scan Start is showed in events list for selected group" file="./tools/production_smoke_test/portal_smoke_test_spec.rb" time="0.000002"><failure message="timed out after 60 seconds" type="Selenium::WebDriver::Error::TimeoutError">Failure/Error:
  result = wait.until do
    mid_result = yield 
    puts &quot;\n\n mid result #{mid_result}&quot; if opts[:debug]
    if whiny
      puts &quot;been waiting #{count}&quot;
    end  
    count +=1
    if count &gt; max 
      
      puts &quot;BEEN WAITING #{count} WHICH IS LONGER THAN MAX OF #{max}&quot;

Selenium::WebDriver::Error::TimeoutError:
  timed out after 60 seconds
./lib/common/waitable.rb:30:in `wait&apos;
./pages/common/spinners.rb:86:in `wait_all_spinners_to_disappear&apos;
./lib/amp_node.rb:516:in `on_page!&apos;
./helpers/login_helper.rb:16:in `login_to_portal_by_using_securex&apos;
./tools/production_smoke_test/portal_smoke_test_spec.rb:78:in `block (2 levels) in &lt;top (required)&gt;&apos;</failure></testcase>
<testcase classname="tools.production_smoke_test.portal_smoke_test_spec" name="Production Smoke Tests dashboard and Events page Scan Completed is showed in events list for selected group" file="./tools/production_smoke_test/portal_smoke_test_spec.rb" time="0.000002"><failure message="timed out after 60 seconds" type="Selenium::WebDriver::Error::TimeoutError">Failure/Error:
  result = wait.until do
    mid_result = yield 
    puts &quot;\n\n mid result #{mid_result}&quot; if opts[:debug]
    if whiny
      puts &quot;been waiting #{count}&quot;
    end  
    count +=1
    if count &gt; max 
      
      puts &quot;BEEN WAITING #{count} WHICH IS LONGER THAN MAX OF #{max}&quot;

Selenium::WebDriver::Error::TimeoutError:
  timed out after 60 seconds
./lib/common/waitable.rb:30:in `wait&apos;
./pages/common/spinners.rb:86:in `wait_all_spinners_to_disappear&apos;
./lib/amp_node.rb:516:in `on_page!&apos;
./helpers/login_helper.rb:16:in `login_to_portal_by_using_securex&apos;
./tools/production_smoke_test/portal_smoke_test_spec.rb:78:in `block (2 levels) in &lt;top (required)&gt;&apos;</failure></testcase>
<testcase classname="tools.production_smoke_test.portal_smoke_test_spec" name="Production Smoke Tests dashboard and Events page Threat Detected is showed in events list for selected group" file="./tools/production_smoke_test/portal_smoke_test_spec.rb" time="0.000002"><failure message="timed out after 60 seconds" type="Selenium::WebDriver::Error::TimeoutError">Failure/Error:
  result = wait.until do
    mid_result = yield 
    puts &quot;\n\n mid result #{mid_result}&quot; if opts[:debug]
    if whiny
      puts &quot;been waiting #{count}&quot;
    end  
    count +=1
    if count &gt; max 
      
      puts &quot;BEEN WAITING #{count} WHICH IS LONGER THAN MAX OF #{max}&quot;

Selenium::WebDriver::Error::TimeoutError:
  timed out after 60 seconds
./lib/common/waitable.rb:30:in `wait&apos;
./pages/common/spinners.rb:86:in `wait_all_spinners_to_disappear&apos;
./lib/amp_node.rb:516:in `on_page!&apos;
./helpers/login_helper.rb:16:in `login_to_portal_by_using_securex&apos;
./tools/production_smoke_test/portal_smoke_test_spec.rb:78:in `block (2 levels) in &lt;top (required)&gt;&apos;</failure></testcase>
<testcase classname="tools.production_smoke_test.portal_smoke_test_spec" name="Production Smoke Tests dashboard and overview page verfies number of Threates Detected in bragbar, overview page" file="./tools/production_smoke_test/portal_smoke_test_spec.rb" time="0.000003"><failure message="timed out after 60 seconds" type="Selenium::WebDriver::Error::TimeoutError">Failure/Error:
  result = wait.until do
    mid_result = yield 
    puts &quot;\n\n mid result #{mid_result}&quot; if opts[:debug]
    if whiny
      puts &quot;been waiting #{count}&quot;
    end  
    count +=1
    if count &gt; max 
      
      puts &quot;BEEN WAITING #{count} WHICH IS LONGER THAN MAX OF #{max}&quot;

Selenium::WebDriver::Error::TimeoutError:
  timed out after 60 seconds
./lib/common/waitable.rb:30:in `wait&apos;
./pages/common/spinners.rb:86:in `wait_all_spinners_to_disappear&apos;
./lib/amp_node.rb:516:in `on_page!&apos;
./helpers/login_helper.rb:16:in `login_to_portal_by_using_securex&apos;
./tools/production_smoke_test/portal_smoke_test_spec.rb:78:in `block (2 levels) in &lt;top (required)&gt;&apos;</failure></testcase>
<testcase classname="tools.production_smoke_test.portal_smoke_test_spec" name="Production Smoke Tests dashboard and overview page verfies number of Network Threats in bragbar, overview page" file="./tools/production_smoke_test/portal_smoke_test_spec.rb" time="0.000002"><failure message="timed out after 60 seconds" type="Selenium::WebDriver::Error::TimeoutError">Failure/Error:
  result = wait.until do
    mid_result = yield 
    puts &quot;\n\n mid result #{mid_result}&quot; if opts[:debug]
    if whiny
      puts &quot;been waiting #{count}&quot;
    end  
    count +=1
    if count &gt; max 
      
      puts &quot;BEEN WAITING #{count} WHICH IS LONGER THAN MAX OF #{max}&quot;

Selenium::WebDriver::Error::TimeoutError:
  timed out after 60 seconds
./lib/common/waitable.rb:30:in `wait&apos;
./pages/common/spinners.rb:86:in `wait_all_spinners_to_disappear&apos;
./lib/amp_node.rb:516:in `on_page!&apos;
./helpers/login_helper.rb:16:in `login_to_portal_by_using_securex&apos;
./tools/production_smoke_test/portal_smoke_test_spec.rb:78:in `block (2 levels) in &lt;top (required)&gt;&apos;</failure></testcase>
<testcase classname="tools.production_smoke_test.portal_smoke_test_spec" name="Production Smoke Tests dashboard and overview page verfies number of Quarantines in bragbar, overview page" file="./tools/production_smoke_test/portal_smoke_test_spec.rb" time="0.000002"><failure message="timed out after 60 seconds" type="Selenium::WebDriver::Error::TimeoutError">Failure/Error:
  result = wait.until do
    mid_result = yield 
    puts &quot;\n\n mid result #{mid_result}&quot; if opts[:debug]
    if whiny
      puts &quot;been waiting #{count}&quot;
    end  
    count +=1
    if count &gt; max 
      
      puts &quot;BEEN WAITING #{count} WHICH IS LONGER THAN MAX OF #{max}&quot;

Selenium::WebDriver::Error::TimeoutError:
  timed out after 60 seconds
./lib/common/waitable.rb:30:in `wait&apos;
./pages/common/spinners.rb:86:in `wait_all_spinners_to_disappear&apos;
./lib/amp_node.rb:516:in `on_page!&apos;
./helpers/login_helper.rb:16:in `login_to_portal_by_using_securex&apos;
./tools/production_smoke_test/portal_smoke_test_spec.rb:78:in `block (2 levels) in &lt;top (required)&gt;&apos;</failure></testcase>
<testcase classname="tools.production_smoke_test.portal_smoke_test_spec" name="Production Smoke Tests dashboard and overview page verfies number of Compromises in bragbar, overview page" file="./tools/production_smoke_test/portal_smoke_test_spec.rb" time="0.000003"><failure message="timed out after 60 seconds" type="Selenium::WebDriver::Error::TimeoutError">Failure/Error:
  result = wait.until do
    mid_result = yield 
    puts &quot;\n\n mid result #{mid_result}&quot; if opts[:debug]
    if whiny
      puts &quot;been waiting #{count}&quot;
    end  
    count +=1
    if count &gt; max 
      
      puts &quot;BEEN WAITING #{count} WHICH IS LONGER THAN MAX OF #{max}&quot;

Selenium::WebDriver::Error::TimeoutError:
  timed out after 60 seconds
./lib/common/waitable.rb:30:in `wait&apos;
./pages/common/spinners.rb:86:in `wait_all_spinners_to_disappear&apos;
./lib/amp_node.rb:516:in `on_page!&apos;
./helpers/login_helper.rb:16:in `login_to_portal_by_using_securex&apos;
./tools/production_smoke_test/portal_smoke_test_spec.rb:78:in `block (2 levels) in &lt;top (required)&gt;&apos;</failure></testcase>
<testcase classname="tools.production_smoke_test.portal_smoke_test_spec" name="Production Smoke Tests dashboard and overview page verfies number of Exploits Prevented in bragbar, overview page" file="./tools/production_smoke_test/portal_smoke_test_spec.rb" time="0.000002"><failure message="timed out after 60 seconds" type="Selenium::WebDriver::Error::TimeoutError">Failure/Error:
  result = wait.until do
    mid_result = yield 
    puts &quot;\n\n mid result #{mid_result}&quot; if opts[:debug]
    if whiny
      puts &quot;been waiting #{count}&quot;
    end  
    count +=1
    if count &gt; max 
      
      puts &quot;BEEN WAITING #{count} WHICH IS LONGER THAN MAX OF #{max}&quot;

Selenium::WebDriver::Error::TimeoutError:
  timed out after 60 seconds
./lib/common/waitable.rb:30:in `wait&apos;
./pages/common/spinners.rb:86:in `wait_all_spinners_to_disappear&apos;
./lib/amp_node.rb:516:in `on_page!&apos;
./helpers/login_helper.rb:16:in `login_to_portal_by_using_securex&apos;
./tools/production_smoke_test/portal_smoke_test_spec.rb:78:in `block (2 levels) in &lt;top (required)&gt;&apos;</failure></testcase>
<testcase classname="tools.production_smoke_test.portal_smoke_test_spec" name="Production Smoke Tests dashboard and overview page verfies number of Retrospective Events in bragbar, overview page" file="./tools/production_smoke_test/portal_smoke_test_spec.rb" time="0.000003"><failure message="timed out after 60 seconds" type="Selenium::WebDriver::Error::TimeoutError">Failure/Error:
  result = wait.until do
    mid_result = yield 
    puts &quot;\n\n mid result #{mid_result}&quot; if opts[:debug]
    if whiny
      puts &quot;been waiting #{count}&quot;
    end  
    count +=1
    if count &gt; max 
      
      puts &quot;BEEN WAITING #{count} WHICH IS LONGER THAN MAX OF #{max}&quot;

Selenium::WebDriver::Error::TimeoutError:
  timed out after 60 seconds
./lib/common/waitable.rb:30:in `wait&apos;
./pages/common/spinners.rb:86:in `wait_all_spinners_to_disappear&apos;
./lib/amp_node.rb:516:in `on_page!&apos;
./helpers/login_helper.rb:16:in `login_to_portal_by_using_securex&apos;
./tools/production_smoke_test/portal_smoke_test_spec.rb:78:in `block (2 levels) in &lt;top (required)&gt;&apos;</failure></testcase>
<testcase classname="tools.production_smoke_test.portal_smoke_test_spec" name="Production Smoke Tests dashboard and overview page verfies number of Connectors Deployed in bragbar, overview page" file="./tools/production_smoke_test/portal_smoke_test_spec.rb" time="0.000003"><failure message="timed out after 60 seconds" type="Selenium::WebDriver::Error::TimeoutError">Failure/Error:
  result = wait.until do
    mid_result = yield 
    puts &quot;\n\n mid result #{mid_result}&quot; if opts[:debug]
    if whiny
      puts &quot;been waiting #{count}&quot;
    end  
    count +=1
    if count &gt; max 
      
      puts &quot;BEEN WAITING #{count} WHICH IS LONGER THAN MAX OF #{max}&quot;

Selenium::WebDriver::Error::TimeoutError:
  timed out after 60 seconds
./lib/common/waitable.rb:30:in `wait&apos;
./pages/common/spinners.rb:86:in `wait_all_spinners_to_disappear&apos;
./lib/amp_node.rb:516:in `on_page!&apos;
./helpers/login_helper.rb:16:in `login_to_portal_by_using_securex&apos;
./tools/production_smoke_test/portal_smoke_test_spec.rb:78:in `block (2 levels) in &lt;top (required)&gt;&apos;</failure></testcase>
<testcase classname="tools.production_smoke_test.portal_smoke_test_spec" name="Production Smoke Tests File Trajectory verifies the FT shows data for the file" file="./tools/production_smoke_test/portal_smoke_test_spec.rb" time="0.000003"><failure message="timed out after 60 seconds" type="Selenium::WebDriver::Error::TimeoutError">Failure/Error:
  result = wait.until do
    mid_result = yield 
    puts &quot;\n\n mid result #{mid_result}&quot; if opts[:debug]
    if whiny
      puts &quot;been waiting #{count}&quot;
    end  
    count +=1
    if count &gt; max 
      
      puts &quot;BEEN WAITING #{count} WHICH IS LONGER THAN MAX OF #{max}&quot;

Selenium::WebDriver::Error::TimeoutError:
  timed out after 60 seconds
./lib/common/waitable.rb:30:in `wait&apos;
./pages/common/spinners.rb:86:in `wait_all_spinners_to_disappear&apos;
./lib/amp_node.rb:516:in `on_page!&apos;
./helpers/login_helper.rb:16:in `login_to_portal_by_using_securex&apos;
./tools/production_smoke_test/portal_smoke_test_spec.rb:78:in `block (2 levels) in &lt;top (required)&gt;&apos;</failure></testcase>
<testcase classname="tools.production_smoke_test.portal_smoke_test_spec" name="Production Smoke Tests Device Trajectory searches computer guid, and verifies DT page" file="./tools/production_smoke_test/portal_smoke_test_spec.rb" time="0.000003"><failure message="timed out after 60 seconds" type="Selenium::WebDriver::Error::TimeoutError">Failure/Error:
  result = wait.until do
    mid_result = yield 
    puts &quot;\n\n mid result #{mid_result}&quot; if opts[:debug]
    if whiny
      puts &quot;been waiting #{count}&quot;
    end  
    count +=1
    if count &gt; max 
      
      puts &quot;BEEN WAITING #{count} WHICH IS LONGER THAN MAX OF #{max}&quot;

Selenium::WebDriver::Error::TimeoutError:
  timed out after 60 seconds
./lib/common/waitable.rb:30:in `wait&apos;
./pages/common/spinners.rb:86:in `wait_all_spinners_to_disappear&apos;
./lib/amp_node.rb:516:in `on_page!&apos;
./helpers/login_helper.rb:16:in `login_to_portal_by_using_securex&apos;
./tools/production_smoke_test/portal_smoke_test_spec.rb:78:in `block (2 levels) in &lt;top (required)&gt;&apos;</failure></testcase>
<testcase classname="tools.production_smoke_test.portal_smoke_test_spec" name="Production Smoke Tests Computer page searches computer page and verfies the computer shows" file="./tools/production_smoke_test/portal_smoke_test_spec.rb" time="0.000003"><failure message="timed out after 60 seconds" type="Selenium::WebDriver::Error::TimeoutError">Failure/Error:
  result = wait.until do
    mid_result = yield 
    puts &quot;\n\n mid result #{mid_result}&quot; if opts[:debug]
    if whiny
      puts &quot;been waiting #{count}&quot;
    end  
    count +=1
    if count &gt; max 
      
      puts &quot;BEEN WAITING #{count} WHICH IS LONGER THAN MAX OF #{max}&quot;

Selenium::WebDriver::Error::TimeoutError:
  timed out after 60 seconds
./lib/common/waitable.rb:30:in `wait&apos;
./pages/common/spinners.rb:86:in `wait_all_spinners_to_disappear&apos;
./lib/amp_node.rb:516:in `on_page!&apos;
./helpers/login_helper.rb:16:in `login_to_portal_by_using_securex&apos;
./tools/production_smoke_test/portal_smoke_test_spec.rb:78:in `block (2 levels) in &lt;top (required)&gt;&apos;</failure></testcase>
<testcase classname="tools.production_smoke_test.portal_smoke_test_spec" name="Production Smoke Tests Pagination on Events and Computers Page by using Demo Data verifies pagination on computers page" file="./tools/production_smoke_test/portal_smoke_test_spec.rb" time="0.000003"><failure message="timed out after 60 seconds" type="Selenium::WebDriver::Error::TimeoutError">Failure/Error:
  result = wait.until do
    mid_result = yield 
    puts &quot;\n\n mid result #{mid_result}&quot; if opts[:debug]
    if whiny
      puts &quot;been waiting #{count}&quot;
    end  
    count +=1
    if count &gt; max 
      
      puts &quot;BEEN WAITING #{count} WHICH IS LONGER THAN MAX OF #{max}&quot;

Selenium::WebDriver::Error::TimeoutError:
  timed out after 60 seconds
./lib/common/waitable.rb:30:in `wait&apos;
./pages/common/spinners.rb:86:in `wait_all_spinners_to_disappear&apos;
./lib/amp_node.rb:516:in `on_page!&apos;
./helpers/login_helper.rb:16:in `login_to_portal_by_using_securex&apos;
./tools/production_smoke_test/portal_smoke_test_spec.rb:78:in `block (2 levels) in &lt;top (required)&gt;&apos;</failure></testcase>
<testcase classname="tools.production_smoke_test.portal_smoke_test_spec" name="Production Smoke Tests Pagination on Events and Computers Page by using Demo Data verifies pagination on events page" file="./tools/production_smoke_test/portal_smoke_test_spec.rb" time="0.000003"><failure message="timed out after 60 seconds" type="Selenium::WebDriver::Error::TimeoutError">Failure/Error:
  result = wait.until do
    mid_result = yield 
    puts &quot;\n\n mid result #{mid_result}&quot; if opts[:debug]
    if whiny
      puts &quot;been waiting #{count}&quot;
    end  
    count +=1
    if count &gt; max 
      
      puts &quot;BEEN WAITING #{count} WHICH IS LONGER THAN MAX OF #{max}&quot;

Selenium::WebDriver::Error::TimeoutError:
  timed out after 60 seconds
./lib/common/waitable.rb:30:in `wait&apos;
./pages/common/spinners.rb:86:in `wait_all_spinners_to_disappear&apos;
./lib/amp_node.rb:516:in `on_page!&apos;
./helpers/login_helper.rb:16:in `login_to_portal_by_using_securex&apos;
./tools/production_smoke_test/portal_smoke_test_spec.rb:78:in `block (2 levels) in &lt;top (required)&gt;&apos;</failure></testcase>
<testcase classname="tools.production_smoke_test.portal_smoke_test_spec" name="Production Smoke Tests Testing public APIs (computers, policies, groups, events) gets list of computers" file="./tools/production_smoke_test/portal_smoke_test_spec.rb" time="0.000004"><failure message="timed out after 60 seconds" type="Selenium::WebDriver::Error::TimeoutError">Failure/Error:
  result = wait.until do
    mid_result = yield 
    puts &quot;\n\n mid result #{mid_result}&quot; if opts[:debug]
    if whiny
      puts &quot;been waiting #{count}&quot;
    end  
    count +=1
    if count &gt; max 
      
      puts &quot;BEEN WAITING #{count} WHICH IS LONGER THAN MAX OF #{max}&quot;

Selenium::WebDriver::Error::TimeoutError:
  timed out after 60 seconds
./lib/common/waitable.rb:30:in `wait&apos;
./pages/common/spinners.rb:86:in `wait_all_spinners_to_disappear&apos;
./lib/amp_node.rb:516:in `on_page!&apos;
./helpers/login_helper.rb:16:in `login_to_portal_by_using_securex&apos;
./tools/production_smoke_test/portal_smoke_test_spec.rb:78:in `block (2 levels) in &lt;top (required)&gt;&apos;</failure></testcase>
<testcase classname="tools.production_smoke_test.portal_smoke_test_spec" name="Production Smoke Tests Testing public APIs (computers, policies, groups, events) gets list of policies" file="./tools/production_smoke_test/portal_smoke_test_spec.rb" time="0.000002"><failure message="timed out after 60 seconds" type="Selenium::WebDriver::Error::TimeoutError">Failure/Error:
  result = wait.until do
    mid_result = yield 
    puts &quot;\n\n mid result #{mid_result}&quot; if opts[:debug]
    if whiny
      puts &quot;been waiting #{count}&quot;
    end  
    count +=1
    if count &gt; max 
      
      puts &quot;BEEN WAITING #{count} WHICH IS LONGER THAN MAX OF #{max}&quot;

Selenium::WebDriver::Error::TimeoutError:
  timed out after 60 seconds
./lib/common/waitable.rb:30:in `wait&apos;
./pages/common/spinners.rb:86:in `wait_all_spinners_to_disappear&apos;
./lib/amp_node.rb:516:in `on_page!&apos;
./helpers/login_helper.rb:16:in `login_to_portal_by_using_securex&apos;
./tools/production_smoke_test/portal_smoke_test_spec.rb:78:in `block (2 levels) in &lt;top (required)&gt;&apos;</failure></testcase>
<testcase classname="tools.production_smoke_test.portal_smoke_test_spec" name="Production Smoke Tests Testing public APIs (computers, policies, groups, events) gets list of groups" file="./tools/production_smoke_test/portal_smoke_test_spec.rb" time="0.000002"><failure message="timed out after 60 seconds" type="Selenium::WebDriver::Error::TimeoutError">Failure/Error:
  result = wait.until do
    mid_result = yield 
    puts &quot;\n\n mid result #{mid_result}&quot; if opts[:debug]
    if whiny
      puts &quot;been waiting #{count}&quot;
    end  
    count +=1
    if count &gt; max 
      
      puts &quot;BEEN WAITING #{count} WHICH IS LONGER THAN MAX OF #{max}&quot;

Selenium::WebDriver::Error::TimeoutError:
  timed out after 60 seconds
./lib/common/waitable.rb:30:in `wait&apos;
./pages/common/spinners.rb:86:in `wait_all_spinners_to_disappear&apos;
./lib/amp_node.rb:516:in `on_page!&apos;
./helpers/login_helper.rb:16:in `login_to_portal_by_using_securex&apos;
./tools/production_smoke_test/portal_smoke_test_spec.rb:78:in `block (2 levels) in &lt;top (required)&gt;&apos;</failure></testcase>
<testcase classname="tools.production_smoke_test.portal_smoke_test_spec" name="Production Smoke Tests Testing public APIs (computers, policies, groups, events) gets list of events" file="./tools/production_smoke_test/portal_smoke_test_spec.rb" time="0.000003"><failure message="timed out after 60 seconds" type="Selenium::WebDriver::Error::TimeoutError">Failure/Error:
  result = wait.until do
    mid_result = yield 
    puts &quot;\n\n mid result #{mid_result}&quot; if opts[:debug]
    if whiny
      puts &quot;been waiting #{count}&quot;
    end  
    count +=1
    if count &gt; max 
      
      puts &quot;BEEN WAITING #{count} WHICH IS LONGER THAN MAX OF #{max}&quot;

Selenium::WebDriver::Error::TimeoutError:
  timed out after 60 seconds
./lib/common/waitable.rb:30:in `wait&apos;
./pages/common/spinners.rb:86:in `wait_all_spinners_to_disappear&apos;
./lib/amp_node.rb:516:in `on_page!&apos;
./helpers/login_helper.rb:16:in `login_to_portal_by_using_securex&apos;
./tools/production_smoke_test/portal_smoke_test_spec.rb:78:in `block (2 levels) in &lt;top (required)&gt;&apos;</failure></testcase>
</testsuite>