<testsuite name="rspec" tests="22" skipped="0" failures="2" errors="0" time="228.216651" timestamp="2022-11-28T04:00:14+00:00" hostname="jenkins-agent-portal1-int.qa-pod-us-east-1.immunet.com">
<properties>
<property name="seed" value="52548"/>
</properties>
<testcase classname="tools.production_smoke_test.portal_smoke_test_spec" name="Production Smoke Tests creates a windows policy with default setting and group" file="./tools/production_smoke_test/portal_smoke_test_spec.rb" time="35.414405"/>
<testcase classname="tools.production_smoke_test.portal_smoke_test_spec" name="Production Smoke Tests downloads connector, register and send events" file="./tools/production_smoke_test/portal_smoke_test_spec.rb" time="2.161813"/>
<testcase classname="tools.production_smoke_test.portal_smoke_test_spec" name="Production Smoke Tests on Dashboard Events page verifies number of events in event page by using group name" file="./tools/production_smoke_test/portal_smoke_test_spec.rb" time="16.622812"/>
<testcase classname="tools.production_smoke_test.portal_smoke_test_spec" name="Production Smoke Tests on Dashboard Events page Scan Start is showed in events list for selected group" file="./tools/production_smoke_test/portal_smoke_test_spec.rb" time="8.487483"/>
<testcase classname="tools.production_smoke_test.portal_smoke_test_spec" name="Production Smoke Tests on Dashboard Events page Scan Completed is showed in events list for selected group" file="./tools/production_smoke_test/portal_smoke_test_spec.rb" time="10.138049"/>
<testcase classname="tools.production_smoke_test.portal_smoke_test_spec" name="Production Smoke Tests on Dashboard Events page Threat Detected is showed in events list for selected group" file="./tools/production_smoke_test/portal_smoke_test_spec.rb" time="9.333995"/>
<testcase classname="tools.production_smoke_test.portal_smoke_test_spec" name="Production Smoke Tests on Dashboard, Overview page verfies number of Threates Detected in bragbar, overview page" file="./tools/production_smoke_test/portal_smoke_test_spec.rb" time="0.128255"/>
<testcase classname="tools.production_smoke_test.portal_smoke_test_spec" name="Production Smoke Tests on Dashboard, Overview page verfies number of Network Threats in bragbar, overview page" file="./tools/production_smoke_test/portal_smoke_test_spec.rb" time="0.126193"/>
<testcase classname="tools.production_smoke_test.portal_smoke_test_spec" name="Production Smoke Tests on Dashboard, Overview page verfies number of Quarantines in bragbar, overview page" file="./tools/production_smoke_test/portal_smoke_test_spec.rb" time="0.139262"/>
<testcase classname="tools.production_smoke_test.portal_smoke_test_spec" name="Production Smoke Tests on Dashboard, Overview page verfies number of Compromises in bragbar, overview page" file="./tools/production_smoke_test/portal_smoke_test_spec.rb" time="0.161070"/>
<testcase classname="tools.production_smoke_test.portal_smoke_test_spec" name="Production Smoke Tests on Dashboard, Overview page verfies number of Exploits Prevented in bragbar, overview page" file="./tools/production_smoke_test/portal_smoke_test_spec.rb" time="0.156435"/>
<testcase classname="tools.production_smoke_test.portal_smoke_test_spec" name="Production Smoke Tests on Dashboard, Overview page verfies number of Retrospective Events in bragbar, overview page" file="./tools/production_smoke_test/portal_smoke_test_spec.rb" time="0.193221"/>
<testcase classname="tools.production_smoke_test.portal_smoke_test_spec" name="Production Smoke Tests on Dashboard, Overview page verfies number of Connectors Deployed in bragbar, overview page" file="./tools/production_smoke_test/portal_smoke_test_spec.rb" time="0.178004"/>
<testcase classname="tools.production_smoke_test.portal_smoke_test_spec" name="Production Smoke Tests File Trajectory verifies the FT shows data for the file" file="./tools/production_smoke_test/portal_smoke_test_spec.rb" time="23.115055"/>
<testcase classname="tools.production_smoke_test.portal_smoke_test_spec" name="Production Smoke Tests Device Trajectory searches computer guid, and verifies DT page" file="./tools/production_smoke_test/portal_smoke_test_spec.rb" time="10.526097"/>
<testcase classname="tools.production_smoke_test.portal_smoke_test_spec" name="Production Smoke Tests computer page searches computer page and verfies the computer shows" file="./tools/production_smoke_test/portal_smoke_test_spec.rb" time="14.914007"/>
<testcase classname="tools.production_smoke_test.portal_smoke_test_spec" name="Production Smoke Tests pagination in Events and Computers page verifies pagination on computers page" file="./tools/production_smoke_test/portal_smoke_test_spec.rb" time="0.000015">
<failure message="After 40 sec, the demo data is not available" type="RuntimeError">Failure/Error: demo_data.waiting_for_demo_data RuntimeError: After 40 sec, the demo data is not available ./pages/accounts_menu/demo_data_page.rb:96:in `rescue in waiting_for_demo_data' ./pages/accounts_menu/demo_data_page.rb:85:in `waiting_for_demo_data' ./tools/production_smoke_test/portal_smoke_test_spec.rb:293:in `block (3 levels) in <top (required)>' ------------------ --- Caused by: --- NoMethodError: undefined method `displayed?' for nil:NilClass ./pages/accounts_menu/demo_data_page.rb:87:in `waiting_for_demo_data'</failure>
</testcase>
<testcase classname="tools.production_smoke_test.portal_smoke_test_spec" name="Production Smoke Tests pagination in Events and Computers page verifies pagination on events page" file="./tools/production_smoke_test/portal_smoke_test_spec.rb" time="0.000005">
<failure message="After 40 sec, the demo data is not available" type="RuntimeError">Failure/Error: demo_data.waiting_for_demo_data RuntimeError: After 40 sec, the demo data is not available ./pages/accounts_menu/demo_data_page.rb:96:in `rescue in waiting_for_demo_data' ./pages/accounts_menu/demo_data_page.rb:85:in `waiting_for_demo_data' ./tools/production_smoke_test/portal_smoke_test_spec.rb:293:in `block (3 levels) in <top (required)>' ------------------ --- Caused by: --- NoMethodError: undefined method `displayed?' for nil:NilClass ./pages/accounts_menu/demo_data_page.rb:87:in `waiting_for_demo_data'</failure>
</testcase>
<testcase classname="tools.production_smoke_test.portal_smoke_test_spec" name="Production Smoke Tests testing some public API gets list of computers" file="./tools/production_smoke_test/portal_smoke_test_spec.rb" time="0.206531"/>
<testcase classname="tools.production_smoke_test.portal_smoke_test_spec" name="Production Smoke Tests testing some public API gets list of policies" file="./tools/production_smoke_test/portal_smoke_test_spec.rb" time="0.612316"/>
<testcase classname="tools.production_smoke_test.portal_smoke_test_spec" name="Production Smoke Tests testing some public API gets list of groups" file="./tools/production_smoke_test/portal_smoke_test_spec.rb" time="0.075801"/>
<testcase classname="tools.production_smoke_test.portal_smoke_test_spec" name="Production Smoke Tests testing some public API gets list of events" file="./tools/production_smoke_test/portal_smoke_test_spec.rb" time="0.612144"/>
</testsuite>