<?xml version="1.0" encoding="UTF-8"?>
<testsuite name="rspec" tests="22" skipped="0" failures="0" errors="0" time="301.928836" timestamp="2022-11-30T03:49:15+00:00" hostname="jenkins-agent-portal4-int.qa-pod-us-east-1.immunet.com">
<properties>
<property name="seed" value="8541"/>
</properties>
<testcase classname="tools.production_smoke_test.portal_smoke_test_spec" name="Production Smoke Tests creates a windows policy with default setting and group" file="./tools/production_smoke_test/portal_smoke_test_spec.rb" time="33.571537"></testcase>
<testcase classname="tools.production_smoke_test.portal_smoke_test_spec" name="Production Smoke Tests downloads connector, register and send events" file="./tools/production_smoke_test/portal_smoke_test_spec.rb" time="5.235079"></testcase>
<testcase classname="tools.production_smoke_test.portal_smoke_test_spec" name="Production Smoke Tests on Dashboard Events page verifies number of events in event page by using group name" file="./tools/production_smoke_test/portal_smoke_test_spec.rb" time="15.823892"></testcase>
<testcase classname="tools.production_smoke_test.portal_smoke_test_spec" name="Production Smoke Tests on Dashboard Events page Scan Start is showed in events list for selected group" file="./tools/production_smoke_test/portal_smoke_test_spec.rb" time="8.406868"></testcase>
<testcase classname="tools.production_smoke_test.portal_smoke_test_spec" name="Production Smoke Tests on Dashboard Events page Scan Completed is showed in events list for selected group" file="./tools/production_smoke_test/portal_smoke_test_spec.rb" time="9.948906"></testcase>
<testcase classname="tools.production_smoke_test.portal_smoke_test_spec" name="Production Smoke Tests on Dashboard Events page Threat Detected is showed in events list for selected group" file="./tools/production_smoke_test/portal_smoke_test_spec.rb" time="9.239411"></testcase>
<testcase classname="tools.production_smoke_test.portal_smoke_test_spec" name="Production Smoke Tests on Dashboard, Overview page verfies number of Threates Detected in bragbar, overview page" file="./tools/production_smoke_test/portal_smoke_test_spec.rb" time="0.115652"></testcase>
<testcase classname="tools.production_smoke_test.portal_smoke_test_spec" name="Production Smoke Tests on Dashboard, Overview page verfies number of Network Threats in bragbar, overview page" file="./tools/production_smoke_test/portal_smoke_test_spec.rb" time="0.111260"></testcase>
<testcase classname="tools.production_smoke_test.portal_smoke_test_spec" name="Production Smoke Tests on Dashboard, Overview page verfies number of Quarantines in bragbar, overview page" file="./tools/production_smoke_test/portal_smoke_test_spec.rb" time="0.140301"></testcase>
<testcase classname="tools.production_smoke_test.portal_smoke_test_spec" name="Production Smoke Tests on Dashboard, Overview page verfies number of Compromises in bragbar, overview page" file="./tools/production_smoke_test/portal_smoke_test_spec.rb" time="0.145684"></testcase>
<testcase classname="tools.production_smoke_test.portal_smoke_test_spec" name="Production Smoke Tests on Dashboard, Overview page verfies number of Exploits Prevented in bragbar, overview page" file="./tools/production_smoke_test/portal_smoke_test_spec.rb" time="0.142981"></testcase>
<testcase classname="tools.production_smoke_test.portal_smoke_test_spec" name="Production Smoke Tests on Dashboard, Overview page verfies number of Retrospective Events in bragbar, overview page" file="./tools/production_smoke_test/portal_smoke_test_spec.rb" time="0.163154"></testcase>
<testcase classname="tools.production_smoke_test.portal_smoke_test_spec" name="Production Smoke Tests on Dashboard, Overview page verfies number of Connectors Deployed in bragbar, overview page" file="./tools/production_smoke_test/portal_smoke_test_spec.rb" time="0.166058"></testcase>
<testcase classname="tools.production_smoke_test.portal_smoke_test_spec" name="Production Smoke Tests File Trajectory verifies the FT shows data for the file" file="./tools/production_smoke_test/portal_smoke_test_spec.rb" time="23.648541"></testcase>
<testcase classname="tools.production_smoke_test.portal_smoke_test_spec" name="Production Smoke Tests Device Trajectory searches computer guid, and verifies DT page" file="./tools/production_smoke_test/portal_smoke_test_spec.rb" time="10.683920"></testcase>
<testcase classname="tools.production_smoke_test.portal_smoke_test_spec" name="Production Smoke Tests computer page searches computer page and verfies the computer shows" file="./tools/production_smoke_test/portal_smoke_test_spec.rb" time="15.676284"></testcase>
<testcase classname="tools.production_smoke_test.portal_smoke_test_spec" name="Production Smoke Tests pagination in Events and Computers page verifies pagination on computers page" file="./tools/production_smoke_test/portal_smoke_test_spec.rb" time="37.471788"></testcase>
<testcase classname="tools.production_smoke_test.portal_smoke_test_spec" name="Production Smoke Tests pagination in Events and Computers page verifies pagination on events page" file="./tools/production_smoke_test/portal_smoke_test_spec.rb" time="27.231087"></testcase>
<testcase classname="tools.production_smoke_test.portal_smoke_test_spec" name="Production Smoke Tests testing some public API gets list of computers" file="./tools/production_smoke_test/portal_smoke_test_spec.rb" time="0.543104"></testcase>
<testcase classname="tools.production_smoke_test.portal_smoke_test_spec" name="Production Smoke Tests testing some public API gets list of policies" file="./tools/production_smoke_test/portal_smoke_test_spec.rb" time="0.899710"></testcase>
<testcase classname="tools.production_smoke_test.portal_smoke_test_spec" name="Production Smoke Tests testing some public API gets list of groups" file="./tools/production_smoke_test/portal_smoke_test_spec.rb" time="0.437848"></testcase>
<testcase classname="tools.production_smoke_test.portal_smoke_test_spec" name="Production Smoke Tests testing some public API gets list of events" file="./tools/production_smoke_test/portal_smoke_test_spec.rb" time="0.935285"></testcase>
</testsuite>